<?xml version="1.0" encoding="UTF-8"?>
<!-- Generated by org.testng.reporters.JUnitReportReporter -->
<testsuite skipped="0" hostname="munesh-PC" name="testcases.AddCustomerTest" tests="1" failures="0" timestamp="24 May 2020 17:58:39 GMT" time="1.664" errors="0">
  <testcase name="addACustomer" time="1.664" classname="testcases.AddCustomerTest"/>
</testsuite> <!-- testcases.AddCustomerTest -->
