<?xml version="1.0" encoding="UTF-8"?>
<!-- Generated by org.testng.reporters.JUnitReportReporter -->
<testsuite skipped="0" hostname="munesh-PC" name="testcases.BankManagerLoginTest" tests="1" failures="0" timestamp="24 May 2020 17:58:39 GMT" time="0.320" errors="0">
  <testcase name="loginAsBankManager" time="0.320" classname="testcases.BankManagerLoginTest"/>
</testsuite> <!-- testcases.BankManagerLoginTest -->
