<?xml version="1.0" encoding="UTF-8"?>
<!-- Generated by org.testng.reporters.JUnitReportReporter -->
<testsuite skipped="0" hostname="DESKTOP-FNF69NB" name="testcases.BankManagerLoginTest" tests="1" failures="0" timestamp="22 Apr 2018 06:17:39 GMT" time="0.213" errors="0">
  <testcase name="loginAsBankManager" time="0.213" classname="testcases.BankManagerLoginTest"/>
</testsuite> <!-- testcases.BankManagerLoginTest -->
